1552825768034	mozrunner::runner	INFO	Running command: "/usr/bin/firefox" "-marionette" "-foreground" "-no-remote" "-profile" "/tmp/rust_mozprofile.jtX9wj2knSbr"
1552825769104	addons.webextension.screenshots@mozilla.org	WARN	Loading extension 'screenshots@mozilla.org': Reading manifest: Invalid host permission: resource://pdf.js/
1552825769104	addons.webextension.screenshots@mozilla.org	WARN	Loading extension 'screenshots@mozilla.org': Reading manifest: Invalid host permission: about:reader*

(firefox:9865): Gtk-WARNING **: 13:29:29.524: Theme parsing error: <data>:1:34: Expected ')' in color definition

(firefox:9865): Gtk-WARNING **: 13:29:29.524: Theme parsing error: <data>:1:77: Expected ')' in color definition
1552825771350	Marionette	INFO	Listening on port 37787
1552825771377	Marionette	WARN	TLS certificate errors will be ignored for this session
1552825780540	Marionette	INFO	Stopped listening on port 37787
[Parent 9865, Gecko_IOThread] WARNING: pipe error (79): Połączenie zerwane przez drugą stronę: file /build/firefox-DVGW0d/firefox-65.0.1+build2/ipc/chromium/src/chrome/common/ipc_channel_posix.cc, line 349
1552826587469	mozrunner::runner	INFO	Running command: "/usr/bin/firefox" "-marionette" "-foreground" "-no-remote" "-profile" "/tmp/rust_mozprofile.XZvRSOwoPrVI"
1552826587901	addons.webextension.screenshots@mozilla.org	WARN	Loading extension 'screenshots@mozilla.org': Reading manifest: Invalid host permission: resource://pdf.js/
1552826587901	addons.webextension.screenshots@mozilla.org	WARN	Loading extension 'screenshots@mozilla.org': Reading manifest: Invalid host permission: about:reader*

(firefox:10344): Gtk-WARNING **: 13:43:08.233: Theme parsing error: <data>:1:34: Expected ')' in color definition

(firefox:10344): Gtk-WARNING **: 13:43:08.234: Theme parsing error: <data>:1:77: Expected ')' in color definition
1552826589549	Marionette	INFO	Listening on port 46015
1552826589602	Marionette	WARN	TLS certificate errors will be ignored for this session
1552826606855	Marionette	INFO	Stopped listening on port 46015
[Parent 10344, Gecko_IOThread] WARNING: pipe error (98): Połączenie zerwane przez drugą stronę: file /build/firefox-DVGW0d/firefox-65.0.1+build2/ipc/chromium/src/chrome/common/ipc_channel_posix.cc, line 349
1552826845724	mozrunner::runner	INFO	Running command: "/usr/bin/firefox" "-marionette" "-foreground" "-no-remote" "-profile" "/tmp/rust_mozprofile.B43GCKhfYpId"
1552826846175	addons.webextension.screenshots@mozilla.org	WARN	Loading extension 'screenshots@mozilla.org': Reading manifest: Invalid host permission: resource://pdf.js/
1552826846175	addons.webextension.screenshots@mozilla.org	WARN	Loading extension 'screenshots@mozilla.org': Reading manifest: Invalid host permission: about:reader*

(firefox:10651): Gtk-WARNING **: 13:47:26.495: Theme parsing error: <data>:1:34: Expected ')' in color definition

(firefox:10651): Gtk-WARNING **: 13:47:26.496: Theme parsing error: <data>:1:77: Expected ')' in color definition
1552826847855	Marionette	INFO	Listening on port 38181
1552826847947	Marionette	WARN	TLS certificate errors will be ignored for this session
1552826855892	Marionette	INFO	Stopped listening on port 38181
1552827524796	mozrunner::runner	INFO	Running command: "/usr/bin/firefox" "-marionette" "-foreground" "-no-remote" "-profile" "/tmp/rust_mozprofile.g1tE6JUFLTN4"
1552827525239	addons.webextension.screenshots@mozilla.org	WARN	Loading extension 'screenshots@mozilla.org': Reading manifest: Invalid host permission: resource://pdf.js/
1552827525240	addons.webextension.screenshots@mozilla.org	WARN	Loading extension 'screenshots@mozilla.org': Reading manifest: Invalid host permission: about:reader*

(firefox:11116): Gtk-WARNING **: 13:58:45.560: Theme parsing error: <data>:1:34: Expected ')' in color definition

(firefox:11116): Gtk-WARNING **: 13:58:45.560: Theme parsing error: <data>:1:77: Expected ')' in color definition
1552827526857	Marionette	INFO	Listening on port 36779
1552827526934	Marionette	WARN	TLS certificate errors will be ignored for this session
1552827534658	Marionette	INFO	Stopped listening on port 36779
1552827597299	mozrunner::runner	INFO	Running command: "/usr/bin/firefox" "-marionette" "-foreground" "-no-remote" "-profile" "/tmp/rust_mozprofile.e055y9PCZIT2"
1552827597737	addons.webextension.screenshots@mozilla.org	WARN	Loading extension 'screenshots@mozilla.org': Reading manifest: Invalid host permission: resource://pdf.js/
1552827597738	addons.webextension.screenshots@mozilla.org	WARN	Loading extension 'screenshots@mozilla.org': Reading manifest: Invalid host permission: about:reader*

(firefox:11425): Gtk-WARNING **: 13:59:58.051: Theme parsing error: <data>:1:34: Expected ')' in color definition

(firefox:11425): Gtk-WARNING **: 13:59:58.051: Theme parsing error: <data>:1:77: Expected ')' in color definition
1552827599389	Marionette	INFO	Listening on port 34339
1552827599425	Marionette	WARN	TLS certificate errors will be ignored for this session
console.error: BroadcastService: 
  receivedBroadcastMessage: handler for
  remote-settings/monitor_changes
  threw error:
  Message: Error: Polling for changes failed: NetworkError when attempting to fetch resource..
  Stack:
    remoteSettingsFunction/remoteSettings.pollChanges@resource://services-settings/remote-settings.js:188:13

1552827620879	Marionette	INFO	Stopped listening on port 34339
1552827672000	mozrunner::runner	INFO	Running command: "/usr/bin/firefox" "-marionette" "-foreground" "-no-remote" "-profile" "/tmp/rust_mozprofile.zmbmQn9CrnYj"
1552827672469	addons.webextension.screenshots@mozilla.org	WARN	Loading extension 'screenshots@mozilla.org': Reading manifest: Invalid host permission: resource://pdf.js/
1552827672470	addons.webextension.screenshots@mozilla.org	WARN	Loading extension 'screenshots@mozilla.org': Reading manifest: Invalid host permission: about:reader*

(firefox:11772): Gtk-WARNING **: 14:01:12.792: Theme parsing error: <data>:1:34: Expected ')' in color definition

(firefox:11772): Gtk-WARNING **: 14:01:12.793: Theme parsing error: <data>:1:77: Expected ')' in color definition
1552827674160	Marionette	INFO	Listening on port 36549
1552827674221	Marionette	WARN	TLS certificate errors will be ignored for this session
console.error: BroadcastService: 
  receivedBroadcastMessage: handler for
  remote-settings/monitor_changes
  threw error:
  Message: Error: Polling for changes failed: NetworkError when attempting to fetch resource..
  Stack:
    remoteSettingsFunction/remoteSettings.pollChanges@resource://services-settings/remote-settings.js:188:13

1552827696581	Marionette	INFO	Stopped listening on port 36549
[Parent 11772, Gecko_IOThread] WARNING: pipe error (79): Połączenie zerwane przez drugą stronę: file /build/firefox-DVGW0d/firefox-65.0.1+build2/ipc/chromium/src/chrome/common/ipc_channel_posix.cc, line 349
1552827744676	mozrunner::runner	INFO	Running command: "/usr/bin/firefox" "-marionette" "-foreground" "-no-remote" "-profile" "/tmp/rust_mozprofile.HsxE6yfBRca3"
1552827745116	addons.webextension.screenshots@mozilla.org	WARN	Loading extension 'screenshots@mozilla.org': Reading manifest: Invalid host permission: resource://pdf.js/
1552827745117	addons.webextension.screenshots@mozilla.org	WARN	Loading extension 'screenshots@mozilla.org': Reading manifest: Invalid host permission: about:reader*

(firefox:12173): Gtk-WARNING **: 14:02:25.436: Theme parsing error: <data>:1:34: Expected ')' in color definition

(firefox:12173): Gtk-WARNING **: 14:02:25.436: Theme parsing error: <data>:1:77: Expected ')' in color definition
1552827746732	Marionette	INFO	Listening on port 34849
1552827746817	Marionette	WARN	TLS certificate errors will be ignored for this session
console.error: BroadcastService: 
  receivedBroadcastMessage: handler for
  remote-settings/monitor_changes
  threw error:
  Message: Error: Polling for changes failed: NetworkError when attempting to fetch resource..
  Stack:
    remoteSettingsFunction/remoteSettings.pollChanges@resource://services-settings/remote-settings.js:188:13

1552827770767	Marionette	INFO	Stopped listening on port 34849
[Parent 12173, Gecko_IOThread] WARNING: pipe error: Przerwany potok: file /build/firefox-DVGW0d/firefox-65.0.1+build2/ipc/chromium/src/chrome/common/ipc_channel_posix.cc, line 718

###!!! [Child][RunMessage] Error: Channel closing: too late to send/recv, messages will be lost


###!!! [Child][RunMessage] Error: Channel closing: too late to send/recv, messages will be lost


###!!! [Child][RunMessage] Error: Channel closing: too late to send/recv, messages will be lost


###!!! [Child][RunMessage] Error: Channel closing: too late to send/recv, messages will be lost


###!!! [Child][RunMessage] Error: Channel closing: too late to send/recv, messages will be lost


###!!! [Child][RunMessage] Error: Channel closing: too late to send/recv, messages will be lost

1552828850728	mozrunner::runner	INFO	Running command: "/usr/bin/firefox" "-marionette" "-foreground" "-no-remote" "-profile" "/tmp/rust_mozprofile.OfmIJGU7A9Oj"
1552828851164	addons.webextension.screenshots@mozilla.org	WARN	Loading extension 'screenshots@mozilla.org': Reading manifest: Invalid host permission: resource://pdf.js/
1552828851164	addons.webextension.screenshots@mozilla.org	WARN	Loading extension 'screenshots@mozilla.org': Reading manifest: Invalid host permission: about:reader*

(firefox:12699): Gtk-WARNING **: 14:20:51.474: Theme parsing error: <data>:1:34: Expected ')' in color definition

(firefox:12699): Gtk-WARNING **: 14:20:51.474: Theme parsing error: <data>:1:77: Expected ')' in color definition
1552828852875	Marionette	INFO	Listening on port 42527
1552828852947	Marionette	WARN	TLS certificate errors will be ignored for this session
1552828872960	Marionette	INFO	Stopped listening on port 42527
[Parent 12699, Gecko_IOThread] WARNING: pipe error (79): Połączenie zerwane przez drugą stronę: file /build/firefox-DVGW0d/firefox-65.0.1+build2/ipc/chromium/src/chrome/common/ipc_channel_posix.cc, line 349
[Parent 12699, Gecko_IOThread] WARNING: pipe error (135): Połączenie zerwane przez drugą stronę: file /build/firefox-DVGW0d/firefox-65.0.1+build2/ipc/chromium/src/chrome/common/ipc_channel_posix.cc, line 349
1552828908737	mozrunner::runner	INFO	Running command: "/usr/bin/firefox" "-marionette" "-foreground" "-no-remote" "-profile" "/tmp/rust_mozprofile.QbSePEKjEOGH"
1552828909179	addons.webextension.screenshots@mozilla.org	WARN	Loading extension 'screenshots@mozilla.org': Reading manifest: Invalid host permission: resource://pdf.js/
1552828909179	addons.webextension.screenshots@mozilla.org	WARN	Loading extension 'screenshots@mozilla.org': Reading manifest: Invalid host permission: about:reader*

(firefox:12993): Gtk-WARNING **: 14:21:49.517: Theme parsing error: <data>:1:34: Expected ')' in color definition

(firefox:12993): Gtk-WARNING **: 14:21:49.517: Theme parsing error: <data>:1:77: Expected ')' in color definition
1552828910946	Marionette	INFO	Listening on port 43479
1552828910963	Marionette	WARN	TLS certificate errors will be ignored for this session
1552828935958	Marionette	INFO	Stopped listening on port 43479
1552829309915	mozrunner::runner	INFO	Running command: "/usr/bin/firefox" "-marionette" "-foreground" "-no-remote" "-profile" "/tmp/rust_mozprofile.Dt8gZxmej8bW"
1552829310348	addons.webextension.screenshots@mozilla.org	WARN	Loading extension 'screenshots@mozilla.org': Reading manifest: Invalid host permission: resource://pdf.js/
1552829310348	addons.webextension.screenshots@mozilla.org	WARN	Loading extension 'screenshots@mozilla.org': Reading manifest: Invalid host permission: about:reader*

(firefox:13358): Gtk-WARNING **: 14:28:30.665: Theme parsing error: <data>:1:34: Expected ')' in color definition

(firefox:13358): Gtk-WARNING **: 14:28:30.665: Theme parsing error: <data>:1:77: Expected ')' in color definition
1552829312044	Marionette	INFO	Listening on port 45707
1552829312140	Marionette	WARN	TLS certificate errors will be ignored for this session
1552829326878	Marionette	INFO	Stopped listening on port 45707
[Parent 13358, Gecko_IOThread] WARNING: pipe error (79): Połączenie zerwane przez drugą stronę: file /build/firefox-DVGW0d/firefox-65.0.1+build2/ipc/chromium/src/chrome/common/ipc_channel_posix.cc, line 349
